<?xml version="1.0" encoding="UTF-8"?>
<!DOCTYPE beans PUBLIC "-//SPRING//DTD BEAN//EN" "http://www.springframework.org/dtd/spring-beans.dtd">
<beans>
	<!-- <import resource="applicationContext-*.xml"/> -->
	
	<import resource="applicationContext-init.xml"/>
	<import resource="applicationContext-service.xml"/>
	<import resource="applicationContext-dao.xml"/>
	
</beans>